# JRE version: Java(TM) SE Runtime Environment (8.0_192-b12) (build 1.8.0_192-b12)
# Java VM: Java HotSpot(TM) 64-Bit Server VM (25.192-b12 mixed mode windows-amd64 compressed oops)
Heap:
 PSYoungGen      total 68608K, used 24302K [0x00000000ec500000, 0x00000000f4f00000, 0x0000000100000000)
  eden space 61440K, 27% used [0x00000000ec500000,0x00000000ed5c38a8,0x00000000f0100000)
  from space 7168K, 99% used [0x00000000f0100000,0x00000000f07f8020,0x00000000f0800000)
  to   space 9216K, 0% used [0x00000000f4600000,0x00000000f4600000,0x00000000f4f00000)
 ParOldGen       total 40960K, used 10881K [0x00000000c4e00000, 0x00000000c7600000, 0x00000000ec500000)
  object space 40960K, 26% used [0x00000000c4e00000,0x00000000c58a0518,0x00000000c7600000)
 Metaspace       used 17826K, capacity 18354K, committed 18432K, reserved 1064960K
  class space    used 2152K, capacity 2304K, committed 2304K, reserved 1048576K
GC Heap History (10 events):
Event: 5.531 GC heap before
{Heap before GC invocations=3 (full 0):
 PSYoungGen      total 17920K, used 17888K [0x00000000ec500000, 0x00000000ee800000, 0x0000000100000000)
  eden space 15360K, 100% used [0x00000000ec500000,0x00000000ed400000,0x00000000ed400000)
  from space 2560K, 98% used [0x00000000ed680000,0x00000000ed8f8110,0x00000000ed900000)
  to   space 2560K, 0% used [0x00000000ed400000,0x00000000ed400000,0x00000000ed680000)
 ParOldGen       total 40960K, used 1195K [0x00000000c4e00000, 0x00000000c7600000, 0x00000000ec500000)
  object space 40960K, 2% used [0x00000000c4e00000,0x00000000c4f2af10,0x00000000c7600000)
 Metaspace       used 9245K, capacity 9436K, committed 9728K, reserved 1058816K
  class space    used 1144K, capacity 1186K, committed 1280K, reserved 1048576K
Event: 5.537 GC heap after
Heap after GC invocations=3 (full 0):
 PSYoungGen      total 17920K, used 2536K [0x00000000ec500000, 0x00000000ee800000, 0x0000000100000000)
  eden space 15360K, 0% used [0x00000000ec500000,0x00000000ec500000,0x00000000ed400000)
  from space 2560K, 99% used [0x00000000ed400000,0x00000000ed67a020,0x00000000ed680000)
  to   space 2560K, 0% used [0x00000000ee580000,0x00000000ee580000,0x00000000ee800000)
 ParOldGen       total 40960K, used 2527K [0x00000000c4e00000, 0x00000000c7600000, 0x00000000ec500000)
  object space 40960K, 6% used [0x00000000c4e00000,0x00000000c5077e98,0x00000000c7600000)
 Metaspace       used 9245K, capacity 9436K, committed 9728K, reserved 1058816K
  class space    used 1144K, capacity 1186K, committed 1280K, reserved 1048576K
}
Event: 6.138 GC heap before
{Heap before GC invocations=4 (full 0):
 PSYoungGen      total 17920K, used 17896K [0x00000000ec500000, 0x00000000ee800000, 0x0000000100000000)
  eden space 15360K, 100% used [0x00000000ec500000,0x00000000ed400000,0x00000000ed400000)
  from space 2560K, 99% used [0x00000000ed400000,0x00000000ed67a020,0x00000000ed680000)
  to   space 2560K, 0% used [0x00000000ee580000,0x00000000ee580000,0x00000000ee800000)
 ParOldGen       total 40960K, used 2527K [0x00000000c4e00000, 0x00000000c7600000, 0x00000000ec500000)
  object space 40960K, 6% used [0x00000000c4e00000,0x00000000c5077e98,0x00000000c7600000)
 Metaspace       used 11037K, capacity 11306K, committed 11520K, reserved 1058816K
  class space    used 1378K, capacity 1447K, committed 1536K, reserved 1048576K
Event: 6.188 GC heap after
Heap after GC invocations=4 (full 0):
 PSYoungGen      total 33280K, used 2552K [0x00000000ec500000, 0x00000000ee800000, 0x0000000100000000)
  eden space 30720K, 0% used [0x00000000ec500000,0x00000000ec500000,0x00000000ee300000)
  from space 2560K, 99% used [0x00000000ee580000,0x00000000ee7fe010,0x00000000ee800000)
  to   space 2560K, 0% used [0x00000000ee300000,0x00000000ee300000,0x00000000ee580000)
 ParOldGen       total 40960K, used 4593K [0x00000000c4e00000, 0x00000000c7600000, 0x00000000ec500000)
  object space 40960K, 11% used [0x00000000c4e00000,0x00000000c527c490,0x00000000c7600000)
 Metaspace       used 11037K, capacity 11306K, committed 11520K, reserved 1058816K
  class space    used 1378K, capacity 1447K, committed 1536K, reserved 1048576K
}
Event: 10.158 GC heap before
{Heap before GC invocations=5 (full 0):
 PSYoungGen      total 33280K, used 33272K [0x00000000ec500000, 0x00000000ee800000, 0x0000000100000000)
  eden space 30720K, 100% used [0x00000000ec500000,0x00000000ee300000,0x00000000ee300000)
  from space 2560K, 99% used [0x00000000ee580000,0x00000000ee7fe010,0x00000000ee800000)
  to   space 2560K, 0% used [0x00000000ee300000,0x00000000ee300000,0x00000000ee580000)
 ParOldGen       total 40960K, used 4593K [0x00000000c4e00000, 0x00000000c7600000, 0x00000000ec500000)
  object space 40960K, 11% used [0x00000000c4e00000,0x00000000c527c490,0x00000000c7600000)
 Metaspace       used 14897K, capacity 15190K, committed 15360K, reserved 1062912K
  class space    used 1842K, capacity 1939K, committed 2048K, reserved 1048576K
Event: 10.210 GC heap after
Heap after GC invocations=5 (full 0):
 PSYoungGen      total 33280K, used 2552K [0x00000000ec500000, 0x00000000f0f00000, 0x0000000100000000)
  eden space 30720K, 0% used [0x00000000ec500000,0x00000000ec500000,0x00000000ee300000)
  from space 2560K, 99% used [0x00000000ee300000,0x00000000ee57e030,0x00000000ee580000)
  to   space 7168K, 0% used [0x00000000f0800000,0x00000000f0800000,0x00000000f0f00000)
 ParOldGen       total 40960K, used 9382K [0x00000000c4e00000, 0x00000000c7600000, 0x00000000ec500000)
  object space 40960K, 22% used [0x00000000c4e00000,0x00000000c57298f0,0x00000000c7600000)
 Metaspace       used 14897K, capacity 15190K, committed 15360K, reserved 1062912K
  class space    used 1842K, capacity 1939K, committed 2048K, reserved 1048576K
}
Event: 17.094 GC heap before
{Heap before GC invocations=6 (full 0):
 PSYoungGen      total 33280K, used 33272K [0x00000000ec500000, 0x00000000f0f00000, 0x0000000100000000)
  eden space 30720K, 100% used [0x00000000ec500000,0x00000000ee300000,0x00000000ee300000)
  from space 2560K, 99% used [0x00000000ee300000,0x00000000ee57e030,0x00000000ee580000)
  to   space 7168K, 0% used [0x00000000f0800000,0x00000000f0800000,0x00000000f0f00000)
 ParOldGen       total 40960K, used 9382K [0x00000000c4e00000, 0x00000000c7600000, 0x00000000ec500000)
  object space 40960K, 22% used [0x00000000c4e00000,0x00000000c57298f0,0x00000000c7600000)
 Metaspace       used 15731K, capacity 16108K, committed 16384K, reserved 1062912K
  class space    used 1926K, capacity 2048K, committed 2048K, reserved 1048576K
Event: 17.129 GC heap after
Heap after GC invocations=6 (full 0):
 PSYoungGen      total 68608K, used 5340K [0x00000000ec500000, 0x00000000f0f00000, 0x0000000100000000)
  eden space 61440K, 0% used [0x00000000ec500000,0x00000000ec500000,0x00000000f0100000)
  from space 7168K, 74% used [0x00000000f0800000,0x00000000f0d37078,0x00000000f0f00000)
  to   space 7168K, 0% used [0x00000000f0100000,0x00000000f0100000,0x00000000f0800000)
 ParOldGen       total 40960K, used 9390K [0x00000000c4e00000, 0x00000000c7600000, 0x00000000ec500000)
  object space 40960K, 22% used [0x00000000c4e00000,0x00000000c572b8f0,0x00000000c7600000)
 Metaspace       used 15731K, capacity 16108K, committed 16384K, reserved 1062912K
  class space    used 1926K, capacity 2048K, committed 2048K, reserved 1048576K
}
Event: 22.805 GC heap before
{Heap before GC invocations=7 (full 0):
 PSYoungGen      total 68608K, used 66780K [0x00000000ec500000, 0x00000000f0f00000, 0x0000000100000000)
  eden space 61440K, 100% used [0x00000000ec500000,0x00000000f0100000,0x00000000f0100000)
  from space 7168K, 74% used [0x00000000f0800000,0x00000000f0d37078,0x00000000f0f00000)
  to   space 7168K, 0% used [0x00000000f0100000,0x00000000f0100000,0x00000000f0800000)
 ParOldGen       total 40960K, used 9390K [0x00000000c4e00000, 0x00000000c7600000, 0x00000000ec500000)
  object space 40960K, 22% used [0x00000000c4e00000,0x00000000c572b8f0,0x00000000c7600000)
 Metaspace       used 16881K, capacity 17330K, committed 17536K, reserved 1064960K
  class space    used 2005K, capacity 2128K, committed 2176K, reserved 1048576K
Event: 22.922 GC heap after
Heap after GC invocations=7 (full 0):
 PSYoungGen      total 68608K, used 7136K [0x00000000ec500000, 0x00000000f4f00000, 0x0000000100000000)
  eden space 61440K, 0% used [0x00000000ec500000,0x00000000ec500000,0x00000000f0100000)
  from space 7168K, 99% used [0x00000000f0100000,0x00000000f07f8020,0x00000000f0800000)
  to   space 9216K, 0% used [0x00000000f4600000,0x00000000f4600000,0x00000000f4f00000)
 ParOldGen       total 40960K, used 10881K [0x00000000c4e00000, 0x00000000c7600000, 0x00000000ec500000)
  object space 40960K, 26% used [0x00000000c4e00000,0x00000000c58a0518,0x00000000c7600000)
 Metaspace       used 16881K, capacity 17330K, committed 17536K, reserved 1064960K
  class space    used 2005K, capacity 2128K, committed 2176K, reserved 1048576K
}

