# JRE version: Java(TM) SE Runtime Environment (8.0_192-b12) (build 1.8.0_192-b12)
# Java VM: Java HotSpot(TM) 64-Bit Server VM (25.192-b12 mixed mode windows-amd64 compressed oops)
Heap:
 PSYoungGen      total 66048K, used 44576K [0x00000000ec500000, 0x00000000f0d00000, 0x0000000100000000)
  eden space 59904K, 64% used [0x00000000ec500000,0x00000000eeadced0,0x00000000eff80000)
  from space 6144K, 94% used [0x00000000f0600000,0x00000000f0bab450,0x00000000f0c00000)
  to   space 6656K, 0% used [0x00000000eff80000,0x00000000eff80000,0x00000000f0600000)
 ParOldGen       total 40960K, used 8634K [0x00000000c4e00000, 0x00000000c7600000, 0x00000000ec500000)
  object space 40960K, 21% used [0x00000000c4e00000,0x00000000c566eb08,0x00000000c7600000)
 Metaspace       used 16978K, capacity 17470K, committed 17792K, reserved 1064960K
  class space    used 2008K, capacity 2136K, committed 2176K, reserved 1048576K
GC Heap History (10 events):
Event: 6.149 GC heap before
{Heap before GC invocations=4 (full 0):
 PSYoungGen      total 17920K, used 17912K [0x00000000ec500000, 0x00000000ed900000, 0x0000000100000000)
  eden space 15360K, 100% used [0x00000000ec500000,0x00000000ed400000,0x00000000ed400000)
  from space 2560K, 99% used [0x00000000ed400000,0x00000000ed67e030,0x00000000ed680000)
  to   space 2560K, 0% used [0x00000000ed680000,0x00000000ed680000,0x00000000ed900000)
 ParOldGen       total 40960K, used 2555K [0x00000000c4e00000, 0x00000000c7600000, 0x00000000ec500000)
  object space 40960K, 6% used [0x00000000c4e00000,0x00000000c507ed98,0x00000000c7600000)
 Metaspace       used 11009K, capacity 11242K, committed 11520K, reserved 1058816K
  class space    used 1374K, capacity 1447K, committed 1536K, reserved 1048576K
Event: 6.185 GC heap after
Heap after GC invocations=4 (full 0):
 PSYoungGen      total 17920K, used 2536K [0x00000000ec500000, 0x00000000ee800000, 0x0000000100000000)
  eden space 15360K, 0% used [0x00000000ec500000,0x00000000ec500000,0x00000000ed400000)
  from space 2560K, 99% used [0x00000000ed680000,0x00000000ed8fa040,0x00000000ed900000)
  to   space 2560K, 0% used [0x00000000ed400000,0x00000000ed400000,0x00000000ed680000)
 ParOldGen       total 40960K, used 4652K [0x00000000c4e00000, 0x00000000c7600000, 0x00000000ec500000)
  object space 40960K, 11% used [0x00000000c4e00000,0x00000000c528b2b8,0x00000000c7600000)
 Metaspace       used 11009K, capacity 11242K, committed 11520K, reserved 1058816K
  class space    used 1374K, capacity 1447K, committed 1536K, reserved 1048576K
}
Event: 7.534 GC heap before
{Heap before GC invocations=5 (full 0):
 PSYoungGen      total 17920K, used 17896K [0x00000000ec500000, 0x00000000ee800000, 0x0000000100000000)
  eden space 15360K, 100% used [0x00000000ec500000,0x00000000ed400000,0x00000000ed400000)
  from space 2560K, 99% used [0x00000000ed680000,0x00000000ed8fa040,0x00000000ed900000)
  to   space 2560K, 0% used [0x00000000ed400000,0x00000000ed400000,0x00000000ed680000)
 ParOldGen       total 40960K, used 4652K [0x00000000c4e00000, 0x00000000c7600000, 0x00000000ec500000)
  object space 40960K, 11% used [0x00000000c4e00000,0x00000000c528b2b8,0x00000000c7600000)
 Metaspace       used 12801K, capacity 13120K, committed 13312K, reserved 1060864K
  class space    used 1630K, capacity 1706K, committed 1792K, reserved 1048576K
Event: 7.550 GC heap after
Heap after GC invocations=5 (full 0):
 PSYoungGen      total 17920K, used 2537K [0x00000000ec500000, 0x00000000eee00000, 0x0000000100000000)
  eden space 15360K, 0% used [0x00000000ec500000,0x00000000ec500000,0x00000000ed400000)
  from space 2560K, 99% used [0x00000000ed400000,0x00000000ed67a4c0,0x00000000ed680000)
  to   space 5632K, 0% used [0x00000000ee880000,0x00000000ee880000,0x00000000eee00000)
 ParOldGen       total 40960K, used 7025K [0x00000000c4e00000, 0x00000000c7600000, 0x00000000ec500000)
  object space 40960K, 17% used [0x00000000c4e00000,0x00000000c54dc5f8,0x00000000c7600000)
 Metaspace       used 12801K, capacity 13120K, committed 13312K, reserved 1060864K
  class space    used 1630K, capacity 1706K, committed 1792K, reserved 1048576K
}
Event: 10.127 GC heap before
{Heap before GC invocations=6 (full 0):
 PSYoungGen      total 17920K, used 17897K [0x00000000ec500000, 0x00000000eee00000, 0x0000000100000000)
  eden space 15360K, 100% used [0x00000000ec500000,0x00000000ed400000,0x00000000ed400000)
  from space 2560K, 99% used [0x00000000ed400000,0x00000000ed67a4c0,0x00000000ed680000)
  to   space 5632K, 0% used [0x00000000ee880000,0x00000000ee880000,0x00000000eee00000)
 ParOldGen       total 40960K, used 7025K [0x00000000c4e00000, 0x00000000c7600000, 0x00000000ec500000)
  object space 40960K, 17% used [0x00000000c4e00000,0x00000000c54dc5f8,0x00000000c7600000)
 Metaspace       used 14864K, capacity 15190K, committed 15360K, reserved 1062912K
  class space    used 1839K, capacity 1939K, committed 2048K, reserved 1048576K
Event: 10.173 GC heap after
Heap after GC invocations=6 (full 0):
 PSYoungGen      total 35840K, used 4827K [0x00000000ec500000, 0x00000000eef00000, 0x0000000100000000)
  eden space 30208K, 0% used [0x00000000ec500000,0x00000000ec500000,0x00000000ee280000)
  from space 5632K, 85% used [0x00000000ee880000,0x00000000eed36d30,0x00000000eee00000)
  to   space 6144K, 0% used [0x00000000ee280000,0x00000000ee280000,0x00000000ee880000)
 ParOldGen       total 40960K, used 7025K [0x00000000c4e00000, 0x00000000c7600000, 0x00000000ec500000)
  object space 40960K, 17% used [0x00000000c4e00000,0x00000000c54dc5f8,0x00000000c7600000)
 Metaspace       used 14864K, capacity 15190K, committed 15360K, reserved 1062912K
  class space    used 1839K, capacity 1939K, committed 2048K, reserved 1048576K
}
Event: 17.490 GC heap before
{Heap before GC invocations=7 (full 0):
 PSYoungGen      total 35840K, used 35035K [0x00000000ec500000, 0x00000000eef00000, 0x0000000100000000)
  eden space 30208K, 100% used [0x00000000ec500000,0x00000000ee280000,0x00000000ee280000)
  from space 5632K, 85% used [0x00000000ee880000,0x00000000eed36d30,0x00000000eee00000)
  to   space 6144K, 0% used [0x00000000ee280000,0x00000000ee280000,0x00000000ee880000)
 ParOldGen       total 40960K, used 7025K [0x00000000c4e00000, 0x00000000c7600000, 0x00000000ec500000)
  object space 40960K, 17% used [0x00000000c4e00000,0x00000000c54dc5f8,0x00000000c7600000)
 Metaspace       used 15726K, capacity 16102K, committed 16384K, reserved 1062912K
  class space    used 1923K, capacity 2047K, committed 2048K, reserved 1048576K
Event: 17.512 GC heap after
Heap after GC invocations=7 (full 0):
 PSYoungGen      total 36352K, used 5447K [0x00000000ec500000, 0x00000000f0c00000, 0x0000000100000000)
  eden space 30208K, 0% used [0x00000000ec500000,0x00000000ec500000,0x00000000ee280000)
  from space 6144K, 88% used [0x00000000ee280000,0x00000000ee7d1c90,0x00000000ee880000)
  to   space 6144K, 0% used [0x00000000f0600000,0x00000000f0600000,0x00000000f0c00000)
 ParOldGen       total 40960K, used 7849K [0x00000000c4e00000, 0x00000000c7600000, 0x00000000ec500000)
  object space 40960K, 19% used [0x00000000c4e00000,0x00000000c55aa678,0x00000000c7600000)
 Metaspace       used 15726K, capacity 16102K, committed 16384K, reserved 1062912K
  class space    used 1923K, capacity 2047K, committed 2048K, reserved 1048576K
}
Event: 21.278 GC heap before
{Heap before GC invocations=8 (full 0):
 PSYoungGen      total 36352K, used 35655K [0x00000000ec500000, 0x00000000f0c00000, 0x0000000100000000)
  eden space 30208K, 100% used [0x00000000ec500000,0x00000000ee280000,0x00000000ee280000)
  from space 6144K, 88% used [0x00000000ee280000,0x00000000ee7d1c90,0x00000000ee880000)
  to   space 6144K, 0% used [0x00000000f0600000,0x00000000f0600000,0x00000000f0c00000)
 ParOldGen       total 40960K, used 7849K [0x00000000c4e00000, 0x00000000c7600000, 0x00000000ec500000)
  object space 40960K, 19% used [0x00000000c4e00000,0x00000000c55aa678,0x00000000c7600000)
 Metaspace       used 16318K, capacity 16732K, committed 17024K, reserved 1064960K
  class space    used 1968K, capacity 2088K, committed 2176K, reserved 1048576K
Event: 21.294 GC heap after
Heap after GC invocations=8 (full 0):
 PSYoungGen      total 66048K, used 5805K [0x00000000ec500000, 0x00000000f0d00000, 0x0000000100000000)
  eden space 59904K, 0% used [0x00000000ec500000,0x00000000ec500000,0x00000000eff80000)
  from space 6144K, 94% used [0x00000000f0600000,0x00000000f0bab450,0x00000000f0c00000)
  to   space 6656K, 0% used [0x00000000eff80000,0x00000000eff80000,0x00000000f0600000)
 ParOldGen       total 40960K, used 8634K [0x00000000c4e00000, 0x00000000c7600000, 0x00000000ec500000)
  object space 40960K, 21% used [0x00000000c4e00000,0x00000000c566eb08,0x00000000c7600000)
 Metaspace       used 16318K, capacity 16732K, committed 17024K, reserved 1064960K
  class space    used 1968K, capacity 2088K, committed 2176K, reserved 1048576K
}

