# JRE version: Java(TM) SE Runtime Environment (8.0_192-b12) (build 1.8.0_192-b12)
# Java VM: Java HotSpot(TM) 64-Bit Server VM (25.192-b12 mixed mode windows-amd64 compressed oops)
Heap:
 PSYoungGen      total 69120K, used 22073K [0x00000000ec500000, 0x00000000f4e00000, 0x0000000100000000)
  eden space 61440K, 23% used [0x00000000ec500000,0x00000000ed3490e0,0x00000000f0100000)
  from space 7680K, 96% used [0x00000000f0100000,0x00000000f08456c0,0x00000000f0880000)
  to   space 8704K, 0% used [0x00000000f4580000,0x00000000f4580000,0x00000000f4e00000)
 ParOldGen       total 40960K, used 11099K [0x00000000c4e00000, 0x00000000c7600000, 0x00000000ec500000)
  object space 40960K, 27% used [0x00000000c4e00000,0x00000000c58d6db8,0x00000000c7600000)
 Metaspace       used 17755K, capacity 18334K, committed 18432K, reserved 1067008K
  class space    used 2123K, capacity 2304K, committed 2304K, reserved 1048576K
GC Heap History (10 events):
Event: 5.626 GC heap before
{Heap before GC invocations=3 (full 0):
 PSYoungGen      total 17920K, used 17911K [0x00000000ec500000, 0x00000000ee800000, 0x0000000100000000)
  eden space 15360K, 100% used [0x00000000ec500000,0x00000000ed400000,0x00000000ed400000)
  from space 2560K, 99% used [0x00000000ed680000,0x00000000ed8fde20,0x00000000ed900000)
  to   space 2560K, 0% used [0x00000000ed400000,0x00000000ed400000,0x00000000ed680000)
 ParOldGen       total 40960K, used 1504K [0x00000000c4e00000, 0x00000000c7600000, 0x00000000ec500000)
  object space 40960K, 3% used [0x00000000c4e00000,0x00000000c4f783e8,0x00000000c7600000)
 Metaspace       used 9324K, capacity 9514K, committed 9728K, reserved 1058816K
  class space    used 1158K, capacity 1215K, committed 1280K, reserved 1048576K
Event: 5.634 GC heap after
Heap after GC invocations=3 (full 0):
 PSYoungGen      total 17920K, used 2552K [0x00000000ec500000, 0x00000000ee800000, 0x0000000100000000)
  eden space 15360K, 0% used [0x00000000ec500000,0x00000000ec500000,0x00000000ed400000)
  from space 2560K, 99% used [0x00000000ed400000,0x00000000ed67e030,0x00000000ed680000)
  to   space 2560K, 0% used [0x00000000ee580000,0x00000000ee580000,0x00000000ee800000)
 ParOldGen       total 40960K, used 3059K [0x00000000c4e00000, 0x00000000c7600000, 0x00000000ec500000)
  object space 40960K, 7% used [0x00000000c4e00000,0x00000000c50fcd50,0x00000000c7600000)
 Metaspace       used 9324K, capacity 9514K, committed 9728K, reserved 1058816K
  class space    used 1158K, capacity 1215K, committed 1280K, reserved 1048576K
}
Event: 6.215 GC heap before
{Heap before GC invocations=4 (full 0):
 PSYoungGen      total 17920K, used 17912K [0x00000000ec500000, 0x00000000ee800000, 0x0000000100000000)
  eden space 15360K, 100% used [0x00000000ec500000,0x00000000ed400000,0x00000000ed400000)
  from space 2560K, 99% used [0x00000000ed400000,0x00000000ed67e030,0x00000000ed680000)
  to   space 2560K, 0% used [0x00000000ee580000,0x00000000ee580000,0x00000000ee800000)
 ParOldGen       total 40960K, used 3059K [0x00000000c4e00000, 0x00000000c7600000, 0x00000000ec500000)
  object space 40960K, 7% used [0x00000000c4e00000,0x00000000c50fcd50,0x00000000c7600000)
 Metaspace       used 11137K, capacity 11386K, committed 11520K, reserved 1058816K
  class space    used 1390K, capacity 1479K, committed 1536K, reserved 1048576K
Event: 6.246 GC heap after
Heap after GC invocations=4 (full 0):
 PSYoungGen      total 33280K, used 2552K [0x00000000ec500000, 0x00000000ee800000, 0x0000000100000000)
  eden space 30720K, 0% used [0x00000000ec500000,0x00000000ec500000,0x00000000ee300000)
  from space 2560K, 99% used [0x00000000ee580000,0x00000000ee7fe030,0x00000000ee800000)
  to   space 2560K, 0% used [0x00000000ee300000,0x00000000ee300000,0x00000000ee580000)
 ParOldGen       total 40960K, used 5318K [0x00000000c4e00000, 0x00000000c7600000, 0x00000000ec500000)
  object space 40960K, 12% used [0x00000000c4e00000,0x00000000c5331818,0x00000000c7600000)
 Metaspace       used 11137K, capacity 11386K, committed 11520K, reserved 1058816K
  class space    used 1390K, capacity 1479K, committed 1536K, reserved 1048576K
}
Event: 10.180 GC heap before
{Heap before GC invocations=5 (full 0):
 PSYoungGen      total 33280K, used 33272K [0x00000000ec500000, 0x00000000ee800000, 0x0000000100000000)
  eden space 30720K, 100% used [0x00000000ec500000,0x00000000ee300000,0x00000000ee300000)
  from space 2560K, 99% used [0x00000000ee580000,0x00000000ee7fe030,0x00000000ee800000)
  to   space 2560K, 0% used [0x00000000ee300000,0x00000000ee300000,0x00000000ee580000)
 ParOldGen       total 40960K, used 5318K [0x00000000c4e00000, 0x00000000c7600000, 0x00000000ec500000)
  object space 40960K, 12% used [0x00000000c4e00000,0x00000000c5331818,0x00000000c7600000)
 Metaspace       used 14977K, capacity 15302K, committed 15616K, reserved 1062912K
  class space    used 1846K, capacity 1939K, committed 2048K, reserved 1048576K
Event: 10.245 GC heap after
Heap after GC invocations=5 (full 0):
 PSYoungGen      total 33280K, used 2552K [0x00000000ec500000, 0x00000000f1000000, 0x0000000100000000)
  eden space 30720K, 0% used [0x00000000ec500000,0x00000000ec500000,0x00000000ee300000)
  from space 2560K, 99% used [0x00000000ee300000,0x00000000ee57e030,0x00000000ee580000)
  to   space 7680K, 0% used [0x00000000f0880000,0x00000000f0880000,0x00000000f1000000)
 ParOldGen       total 40960K, used 10142K [0x00000000c4e00000, 0x00000000c7600000, 0x00000000ec500000)
  object space 40960K, 24% used [0x00000000c4e00000,0x00000000c57e79f0,0x00000000c7600000)
 Metaspace       used 14977K, capacity 15302K, committed 15616K, reserved 1062912K
  class space    used 1846K, capacity 1939K, committed 2048K, reserved 1048576K
}
Event: 17.158 GC heap before
{Heap before GC invocations=6 (full 0):
 PSYoungGen      total 33280K, used 33272K [0x00000000ec500000, 0x00000000f1000000, 0x0000000100000000)
  eden space 30720K, 100% used [0x00000000ec500000,0x00000000ee300000,0x00000000ee300000)
  from space 2560K, 99% used [0x00000000ee300000,0x00000000ee57e030,0x00000000ee580000)
  to   space 7680K, 0% used [0x00000000f0880000,0x00000000f0880000,0x00000000f1000000)
 ParOldGen       total 40960K, used 10142K [0x00000000c4e00000, 0x00000000c7600000, 0x00000000ec500000)
  object space 40960K, 24% used [0x00000000c4e00000,0x00000000c57e79f0,0x00000000c7600000)
 Metaspace       used 15896K, capacity 16214K, committed 16384K, reserved 1062912K
  class space    used 1943K, capacity 2047K, committed 2048K, reserved 1048576K
Event: 17.174 GC heap after
Heap after GC invocations=6 (full 0):
 PSYoungGen      total 69120K, used 5292K [0x00000000ec500000, 0x00000000f1000000, 0x0000000100000000)
  eden space 61440K, 0% used [0x00000000ec500000,0x00000000ec500000,0x00000000f0100000)
  from space 7680K, 68% used [0x00000000f0880000,0x00000000f0dab068,0x00000000f1000000)
  to   space 7680K, 0% used [0x00000000f0100000,0x00000000f0100000,0x00000000f0880000)
 ParOldGen       total 40960K, used 10150K [0x00000000c4e00000, 0x00000000c7600000, 0x00000000ec500000)
  object space 40960K, 24% used [0x00000000c4e00000,0x00000000c57e99f0,0x00000000c7600000)
 Metaspace       used 15896K, capacity 16214K, committed 16384K, reserved 1062912K
  class space    used 1943K, capacity 2047K, committed 2048K, reserved 1048576K
}
Event: 23.072 GC heap before
{Heap before GC invocations=7 (full 0):
 PSYoungGen      total 69120K, used 66732K [0x00000000ec500000, 0x00000000f1000000, 0x0000000100000000)
  eden space 61440K, 100% used [0x00000000ec500000,0x00000000f0100000,0x00000000f0100000)
  from space 7680K, 68% used [0x00000000f0880000,0x00000000f0dab068,0x00000000f1000000)
  to   space 7680K, 0% used [0x00000000f0100000,0x00000000f0100000,0x00000000f0880000)
 ParOldGen       total 40960K, used 10150K [0x00000000c4e00000, 0x00000000c7600000, 0x00000000ec500000)
  object space 40960K, 24% used [0x00000000c4e00000,0x00000000c57e99f0,0x00000000c7600000)
 Metaspace       used 16908K, capacity 17314K, committed 17536K, reserved 1064960K
  class space    used 2007K, capacity 2128K, committed 2176K, reserved 1048576K
Event: 23.123 GC heap after
Heap after GC invocations=7 (full 0):
 PSYoungGen      total 69120K, used 7445K [0x00000000ec500000, 0x00000000f4e00000, 0x0000000100000000)
  eden space 61440K, 0% used [0x00000000ec500000,0x00000000ec500000,0x00000000f0100000)
  from space 7680K, 96% used [0x00000000f0100000,0x00000000f08456c0,0x00000000f0880000)
  to   space 8704K, 0% used [0x00000000f4580000,0x00000000f4580000,0x00000000f4e00000)
 ParOldGen       total 40960K, used 11099K [0x00000000c4e00000, 0x00000000c7600000, 0x00000000ec500000)
  object space 40960K, 27% used [0x00000000c4e00000,0x00000000c58d6db8,0x00000000c7600000)
 Metaspace       used 16908K, capacity 17314K, committed 17536K, reserved 1064960K
  class space    used 2007K, capacity 2128K, committed 2176K, reserved 1048576K
}

